{"C:\\Users\\Ignas\\BookDatabase\\server.js": {"path":"C:\\Users\\Ignas\\BookDatabase\\server.js","statementMap":{"0":{"start":{"line":1,"column":16},"end":{"line":1,"column":34}},"1":{"start":{"line":2,"column":14},"end":{"line":2,"column":31}},"2":{"start":{"line":3,"column":13},"end":{"line":3,"column":28}},"3":{"start":{"line":4,"column":13},"end":{"line":4,"column":28}},"4":{"start":{"line":5,"column":15},"end":{"line":5,"column":34}},"5":{"start":{"line":6,"column":12},"end":{"line":6,"column":35}},"6":{"start":{"line":7,"column":0},"end":{"line":7,"column":27}},"7":{"start":{"line":8,"column":22},"end":{"line":8,"column":42}},"8":{"start":{"line":10,"column":18},"end":{"line":17,"column":2}},"9":{"start":{"line":18,"column":21},"end":{"line":18,"column":53}},"10":{"start":{"line":20,"column":12},"end":{"line":20,"column":21}},"11":{"start":{"line":21,"column":13},"end":{"line":21,"column":37}},"12":{"start":{"line":24,"column":0},"end":{"line":24,"column":16}},"13":{"start":{"line":25,"column":0},"end":{"line":25,"column":24}},"14":{"start":{"line":26,"column":0},"end":{"line":26,"column":56}},"15":{"start":{"line":29,"column":0},"end":{"line":41,"column":5}},"16":{"start":{"line":30,"column":4},"end":{"line":40,"column":5}},"17":{"start":{"line":31,"column":8},"end":{"line":31,"column":39}},"18":{"start":{"line":32,"column":8},"end":{"line":32,"column":51}},"19":{"start":{"line":33,"column":8},"end":{"line":33,"column":46}},"20":{"start":{"line":34,"column":8},"end":{"line":34,"column":47}},"21":{"start":{"line":36,"column":8},"end":{"line":36,"column":82}},"22":{"start":{"line":37,"column":8},"end":{"line":39,"column":9}},"23":{"start":{"line":38,"column":12},"end":{"line":38,"column":71}},"24":{"start":{"line":46,"column":8},"end":{"line":67,"column":9}},"25":{"start":{"line":47,"column":12},"end":{"line":53,"column":15}},"26":{"start":{"line":55,"column":12},"end":{"line":64,"column":15}},"27":{"start":{"line":56,"column":16},"end":{"line":63,"column":17}},"28":{"start":{"line":57,"column":20},"end":{"line":57,"column":72}},"29":{"start":{"line":58,"column":20},"end":{"line":60,"column":21}},"30":{"start":{"line":59,"column":24},"end":{"line":59,"column":80}},"31":{"start":{"line":62,"column":20},"end":{"line":62,"column":65}},"32":{"start":{"line":66,"column":12},"end":{"line":66,"column":37}},"33":{"start":{"line":68,"column":8},"end":{"line":68,"column":33}},"34":{"start":{"line":72,"column":8},"end":{"line":72,"column":31}},"35":{"start":{"line":76,"column":8},"end":{"line":83,"column":9}},"36":{"start":{"line":77,"column":12},"end":{"line":80,"column":15}},"37":{"start":{"line":78,"column":16},"end":{"line":79,"column":63}},"38":{"start":{"line":78,"column":25},"end":{"line":78,"column":81}},"39":{"start":{"line":79,"column":21},"end":{"line":79,"column":63}},"40":{"start":{"line":82,"column":12},"end":{"line":82,"column":87}},"41":{"start":{"line":88,"column":19},"end":{"line":88,"column":33}},"42":{"start":{"line":89,"column":11},"end":{"line":89,"column":37}},"43":{"start":{"line":94,"column":4},"end":{"line":113,"column":5}},"44":{"start":{"line":96,"column":8},"end":{"line":96,"column":56}},"45":{"start":{"line":98,"column":8},"end":{"line":98,"column":64}},"46":{"start":{"line":100,"column":8},"end":{"line":110,"column":10}},"47":{"start":{"line":112,"column":8},"end":{"line":112,"column":56}},"48":{"start":{"line":120,"column":0},"end":{"line":122,"column":3}},"49":{"start":{"line":121,"column":2},"end":{"line":121,"column":62}},"50":{"start":{"line":125,"column":0},"end":{"line":127,"column":3}},"51":{"start":{"line":126,"column":2},"end":{"line":126,"column":61}},"52":{"start":{"line":130,"column":0},"end":{"line":153,"column":3}},"53":{"start":{"line":131,"column":36},"end":{"line":131,"column":44}},"54":{"start":{"line":133,"column":2},"end":{"line":152,"column":5}},"55":{"start":{"line":134,"column":4},"end":{"line":134,"column":70}},"56":{"start":{"line":134,"column":13},"end":{"line":134,"column":70}},"57":{"start":{"line":136,"column":4},"end":{"line":138,"column":5}},"58":{"start":{"line":137,"column":6},"end":{"line":137,"column":69}},"59":{"start":{"line":140,"column":4},"end":{"line":151,"column":5}},"60":{"start":{"line":141,"column":29},"end":{"line":141,"column":60}},"61":{"start":{"line":142,"column":6},"end":{"line":148,"column":8}},"62":{"start":{"line":145,"column":10},"end":{"line":145,"column":76}},"63":{"start":{"line":145,"column":19},"end":{"line":145,"column":76}},"64":{"start":{"line":146,"column":10},"end":{"line":146,"column":65}},"65":{"start":{"line":150,"column":6},"end":{"line":150,"column":66}},"66":{"start":{"line":155,"column":25},"end":{"line":166,"column":1}},"67":{"start":{"line":156,"column":16},"end":{"line":156,"column":56}},"68":{"start":{"line":157,"column":2},"end":{"line":157,"column":69}},"69":{"start":{"line":157,"column":14},"end":{"line":157,"column":69}},"70":{"start":{"line":159,"column":2},"end":{"line":165,"column":3}},"71":{"start":{"line":160,"column":22},"end":{"line":160,"column":58}},"72":{"start":{"line":161,"column":6},"end":{"line":161,"column":30}},"73":{"start":{"line":162,"column":6},"end":{"line":162,"column":13}},"74":{"start":{"line":164,"column":6},"end":{"line":164,"column":55}},"75":{"start":{"line":168,"column":0},"end":{"line":189,"column":3}},"76":{"start":{"line":169,"column":30},"end":{"line":169,"column":38}},"77":{"start":{"line":171,"column":2},"end":{"line":188,"column":5}},"78":{"start":{"line":172,"column":4},"end":{"line":172,"column":70}},"79":{"start":{"line":172,"column":13},"end":{"line":172,"column":70}},"80":{"start":{"line":174,"column":4},"end":{"line":176,"column":5}},"81":{"start":{"line":175,"column":6},"end":{"line":175,"column":75}},"82":{"start":{"line":178,"column":4},"end":{"line":187,"column":5}},"83":{"start":{"line":179,"column":19},"end":{"line":179,"column":28}},"84":{"start":{"line":180,"column":22},"end":{"line":180,"column":67}},"85":{"start":{"line":181,"column":6},"end":{"line":181,"column":89}},"86":{"start":{"line":181,"column":20},"end":{"line":181,"column":89}},"87":{"start":{"line":183,"column":20},"end":{"line":183,"column":121}},"88":{"start":{"line":184,"column":6},"end":{"line":184,"column":56}},"89":{"start":{"line":186,"column":6},"end":{"line":186,"column":66}},"90":{"start":{"line":193,"column":2},"end":{"line":199,"column":4}},"91":{"start":{"line":205,"column":22},"end":{"line":205,"column":55}},"92":{"start":{"line":206,"column":4},"end":{"line":215,"column":5}},"93":{"start":{"line":208,"column":8},"end":{"line":208,"column":49}},"94":{"start":{"line":210,"column":8},"end":{"line":210,"column":41}},"95":{"start":{"line":212,"column":8},"end":{"line":212,"column":50}},"96":{"start":{"line":214,"column":8},"end":{"line":214,"column":41}},"97":{"start":{"line":222,"column":4},"end":{"line":235,"column":6}},"98":{"start":{"line":240,"column":0},"end":{"line":301,"column":3}},"99":{"start":{"line":241,"column":79},"end":{"line":241,"column":88}},"100":{"start":{"line":244,"column":14},"end":{"line":257,"column":3}},"101":{"start":{"line":259,"column":19},"end":{"line":259,"column":21}},"102":{"start":{"line":260,"column":15},"end":{"line":260,"column":17}},"103":{"start":{"line":262,"column":2},"end":{"line":265,"column":3}},"104":{"start":{"line":263,"column":6},"end":{"line":263,"column":43}},"105":{"start":{"line":264,"column":6},"end":{"line":264,"column":32}},"106":{"start":{"line":266,"column":2},"end":{"line":269,"column":3}},"107":{"start":{"line":267,"column":6},"end":{"line":267,"column":44}},"108":{"start":{"line":268,"column":6},"end":{"line":268,"column":33}},"109":{"start":{"line":270,"column":2},"end":{"line":273,"column":3}},"110":{"start":{"line":271,"column":6},"end":{"line":271,"column":40}},"111":{"start":{"line":272,"column":6},"end":{"line":272,"column":25}},"112":{"start":{"line":274,"column":2},"end":{"line":277,"column":3}},"113":{"start":{"line":275,"column":6},"end":{"line":275,"column":47}},"114":{"start":{"line":276,"column":6},"end":{"line":276,"column":36}},"115":{"start":{"line":279,"column":2},"end":{"line":281,"column":3}},"116":{"start":{"line":280,"column":6},"end":{"line":280,"column":52}},"117":{"start":{"line":283,"column":21},"end":{"line":283,"column":60}},"118":{"start":{"line":285,"column":2},"end":{"line":290,"column":4}},"119":{"start":{"line":292,"column":2},"end":{"line":300,"column":5}},"120":{"start":{"line":293,"column":6},"end":{"line":293,"column":72}},"121":{"start":{"line":293,"column":15},"end":{"line":293,"column":72}},"122":{"start":{"line":295,"column":20},"end":{"line":298,"column":9}},"123":{"start":{"line":295,"column":39},"end":{"line":298,"column":8}},"124":{"start":{"line":299,"column":6},"end":{"line":299,"column":22}},"125":{"start":{"line":304,"column":0},"end":{"line":313,"column":3}},"126":{"start":{"line":305,"column":16},"end":{"line":305,"column":67}},"127":{"start":{"line":307,"column":2},"end":{"line":312,"column":5}},"128":{"start":{"line":308,"column":6},"end":{"line":308,"column":72}},"129":{"start":{"line":308,"column":15},"end":{"line":308,"column":72}},"130":{"start":{"line":310,"column":21},"end":{"line":310,"column":49}},"131":{"start":{"line":310,"column":40},"end":{"line":310,"column":48}},"132":{"start":{"line":311,"column":6},"end":{"line":311,"column":23}},"133":{"start":{"line":320,"column":0},"end":{"line":326,"column":3}},"134":{"start":{"line":321,"column":2},"end":{"line":325,"column":5}},"135":{"start":{"line":322,"column":4},"end":{"line":322,"column":70}},"136":{"start":{"line":322,"column":13},"end":{"line":322,"column":70}},"137":{"start":{"line":323,"column":4},"end":{"line":323,"column":76}},"138":{"start":{"line":323,"column":32},"end":{"line":323,"column":73}},"139":{"start":{"line":328,"column":0},"end":{"line":360,"column":3}},"140":{"start":{"line":329,"column":17},"end":{"line":329,"column":27}},"141":{"start":{"line":330,"column":21},"end":{"line":330,"column":31}},"142":{"start":{"line":332,"column":30},"end":{"line":336,"column":3}},"143":{"start":{"line":338,"column":27},"end":{"line":338,"column":84}},"144":{"start":{"line":340,"column":2},"end":{"line":359,"column":5}},"145":{"start":{"line":341,"column":4},"end":{"line":344,"column":5}},"146":{"start":{"line":342,"column":6},"end":{"line":342,"column":65}},"147":{"start":{"line":343,"column":6},"end":{"line":343,"column":63}},"148":{"start":{"line":346,"column":4},"end":{"line":348,"column":5}},"149":{"start":{"line":347,"column":6},"end":{"line":347,"column":59}},"150":{"start":{"line":350,"column":4},"end":{"line":358,"column":7}},"151":{"start":{"line":351,"column":6},"end":{"line":354,"column":7}},"152":{"start":{"line":352,"column":8},"end":{"line":352,"column":64}},"153":{"start":{"line":353,"column":8},"end":{"line":353,"column":65}},"154":{"start":{"line":356,"column":23},"end":{"line":356,"column":47}},"155":{"start":{"line":357,"column":6},"end":{"line":357,"column":49}},"156":{"start":{"line":362,"column":0},"end":{"line":395,"column":3}},"157":{"start":{"line":363,"column":19},"end":{"line":363,"column":29}},"158":{"start":{"line":364,"column":40},"end":{"line":364,"column":48}},"159":{"start":{"line":366,"column":4},"end":{"line":366,"column":78}},"160":{"start":{"line":368,"column":4},"end":{"line":371,"column":5}},"161":{"start":{"line":369,"column":8},"end":{"line":369,"column":65}},"162":{"start":{"line":370,"column":8},"end":{"line":370,"column":114}},"163":{"start":{"line":374,"column":29},"end":{"line":374,"column":85}},"164":{"start":{"line":376,"column":4},"end":{"line":394,"column":7}},"165":{"start":{"line":377,"column":8},"end":{"line":377,"column":74}},"166":{"start":{"line":377,"column":17},"end":{"line":377,"column":74}},"167":{"start":{"line":379,"column":8},"end":{"line":393,"column":9}},"168":{"start":{"line":381,"column":38},"end":{"line":381,"column":115}},"169":{"start":{"line":382,"column":12},"end":{"line":385,"column":15}},"170":{"start":{"line":383,"column":16},"end":{"line":383,"column":82}},"171":{"start":{"line":383,"column":25},"end":{"line":383,"column":82}},"172":{"start":{"line":384,"column":16},"end":{"line":384,"column":70}},"173":{"start":{"line":388,"column":38},"end":{"line":388,"column":114}},"174":{"start":{"line":389,"column":12},"end":{"line":392,"column":15}},"175":{"start":{"line":390,"column":16},"end":{"line":390,"column":82}},"176":{"start":{"line":390,"column":25},"end":{"line":390,"column":82}},"177":{"start":{"line":391,"column":16},"end":{"line":391,"column":72}},"178":{"start":{"line":400,"column":0},"end":{"line":412,"column":3}},"179":{"start":{"line":401,"column":21},"end":{"line":401,"column":31}},"180":{"start":{"line":403,"column":2},"end":{"line":411,"column":5}},"181":{"start":{"line":409,"column":4},"end":{"line":409,"column":70}},"182":{"start":{"line":409,"column":13},"end":{"line":409,"column":70}},"183":{"start":{"line":410,"column":4},"end":{"line":410,"column":22}},"184":{"start":{"line":415,"column":0},"end":{"line":429,"column":3}},"185":{"start":{"line":416,"column":48},"end":{"line":416,"column":56}},"186":{"start":{"line":418,"column":2},"end":{"line":420,"column":3}},"187":{"start":{"line":419,"column":4},"end":{"line":419,"column":66}},"188":{"start":{"line":422,"column":2},"end":{"line":428,"column":4}},"189":{"start":{"line":425,"column":6},"end":{"line":425,"column":72}},"190":{"start":{"line":425,"column":15},"end":{"line":425,"column":72}},"191":{"start":{"line":426,"column":6},"end":{"line":426,"column":58}},"192":{"start":{"line":436,"column":4},"end":{"line":436,"column":58}},"193":{"start":{"line":442,"column":8},"end":{"line":442,"column":16}},"194":{"start":{"line":443,"column":8},"end":{"line":443,"column":29}},"195":{"start":{"line":444,"column":8},"end":{"line":444,"column":29}},"196":{"start":{"line":448,"column":8},"end":{"line":481,"column":11}},"197":{"start":{"line":450,"column":45},"end":{"line":453,"column":13}},"198":{"start":{"line":454,"column":12},"end":{"line":480,"column":15}},"199":{"start":{"line":455,"column":16},"end":{"line":455,"column":57}},"200":{"start":{"line":455,"column":25},"end":{"line":455,"column":57}},"201":{"start":{"line":456,"column":16},"end":{"line":456,"column":94}},"202":{"start":{"line":456,"column":40},"end":{"line":456,"column":94}},"203":{"start":{"line":459,"column":41},"end":{"line":459,"column":79}},"204":{"start":{"line":460,"column":16},"end":{"line":479,"column":19}},"205":{"start":{"line":461,"column":20},"end":{"line":461,"column":61}},"206":{"start":{"line":461,"column":29},"end":{"line":461,"column":61}},"207":{"start":{"line":462,"column":20},"end":{"line":462,"column":78}},"208":{"start":{"line":462,"column":46},"end":{"line":462,"column":78}},"209":{"start":{"line":463,"column":20},"end":{"line":463,"column":85}},"210":{"start":{"line":463,"column":48},"end":{"line":463,"column":85}},"211":{"start":{"line":466,"column":40},"end":{"line":469,"column":21}},"212":{"start":{"line":470,"column":46},"end":{"line":470,"column":111}},"213":{"start":{"line":472,"column":20},"end":{"line":478,"column":23}},"214":{"start":{"line":473,"column":24},"end":{"line":473,"column":65}},"215":{"start":{"line":473,"column":33},"end":{"line":473,"column":65}},"216":{"start":{"line":474,"column":24},"end":{"line":477,"column":27}},"217":{"start":{"line":475,"column":28},"end":{"line":475,"column":69}},"218":{"start":{"line":475,"column":37},"end":{"line":475,"column":69}},"219":{"start":{"line":476,"column":28},"end":{"line":476,"column":67}},"220":{"start":{"line":487,"column":4},"end":{"line":487,"column":12}},"221":{"start":{"line":488,"column":4},"end":{"line":488,"column":25}},"222":{"start":{"line":489,"column":4},"end":{"line":489,"column":25}},"223":{"start":{"line":493,"column":4},"end":{"line":516,"column":7}},"224":{"start":{"line":494,"column":33},"end":{"line":497,"column":7}},"225":{"start":{"line":498,"column":6},"end":{"line":515,"column":9}},"226":{"start":{"line":499,"column":8},"end":{"line":499,"column":49}},"227":{"start":{"line":499,"column":17},"end":{"line":499,"column":49}},"228":{"start":{"line":500,"column":8},"end":{"line":500,"column":107}},"229":{"start":{"line":500,"column":34},"end":{"line":500,"column":107}},"230":{"start":{"line":502,"column":32},"end":{"line":505,"column":9}},"231":{"start":{"line":506,"column":34},"end":{"line":506,"column":84}},"232":{"start":{"line":508,"column":8},"end":{"line":514,"column":11}},"233":{"start":{"line":509,"column":10},"end":{"line":509,"column":51}},"234":{"start":{"line":509,"column":19},"end":{"line":509,"column":51}},"235":{"start":{"line":510,"column":10},"end":{"line":513,"column":13}},"236":{"start":{"line":511,"column":12},"end":{"line":511,"column":53}},"237":{"start":{"line":511,"column":21},"end":{"line":511,"column":53}},"238":{"start":{"line":512,"column":12},"end":{"line":512,"column":51}},"239":{"start":{"line":521,"column":0},"end":{"line":534,"column":3}},"240":{"start":{"line":522,"column":19},"end":{"line":522,"column":29}},"241":{"start":{"line":523,"column":23},"end":{"line":523,"column":31}},"242":{"start":{"line":525,"column":4},"end":{"line":525,"column":79}},"243":{"start":{"line":525,"column":17},"end":{"line":525,"column":79}},"244":{"start":{"line":527,"column":26},"end":{"line":527,"column":63}},"245":{"start":{"line":528,"column":4},"end":{"line":533,"column":5}},"246":{"start":{"line":529,"column":24},"end":{"line":529,"column":53}},"247":{"start":{"line":530,"column":8},"end":{"line":530,"column":30}},"248":{"start":{"line":532,"column":8},"end":{"line":532,"column":40}},"249":{"start":{"line":537,"column":0},"end":{"line":550,"column":3}},"250":{"start":{"line":538,"column":17},"end":{"line":538,"column":27}},"251":{"start":{"line":539,"column":21},"end":{"line":539,"column":29}},"252":{"start":{"line":541,"column":2},"end":{"line":541,"column":77}},"253":{"start":{"line":541,"column":15},"end":{"line":541,"column":77}},"254":{"start":{"line":543,"column":24},"end":{"line":543,"column":61}},"255":{"start":{"line":544,"column":2},"end":{"line":549,"column":3}},"256":{"start":{"line":545,"column":20},"end":{"line":545,"column":49}},"257":{"start":{"line":546,"column":4},"end":{"line":546,"column":26}},"258":{"start":{"line":548,"column":4},"end":{"line":548,"column":36}},"259":{"start":{"line":554,"column":0},"end":{"line":587,"column":3}},"260":{"start":{"line":555,"column":17},"end":{"line":555,"column":27}},"261":{"start":{"line":557,"column":29},"end":{"line":568,"column":3}},"262":{"start":{"line":570,"column":23},"end":{"line":575,"column":3}},"263":{"start":{"line":577,"column":2},"end":{"line":586,"column":5}},"264":{"start":{"line":578,"column":6},"end":{"line":578,"column":72}},"265":{"start":{"line":578,"column":15},"end":{"line":578,"column":72}},"266":{"start":{"line":580,"column":6},"end":{"line":585,"column":9}},"267":{"start":{"line":581,"column":10},"end":{"line":581,"column":76}},"268":{"start":{"line":581,"column":19},"end":{"line":581,"column":76}},"269":{"start":{"line":583,"column":10},"end":{"line":583,"column":65}},"270":{"start":{"line":584,"column":10},"end":{"line":584,"column":47}},"271":{"start":{"line":592,"column":0},"end":{"line":611,"column":3}},"272":{"start":{"line":593,"column":17},"end":{"line":593,"column":27}},"273":{"start":{"line":594,"column":39},"end":{"line":594,"column":47}},"274":{"start":{"line":596,"column":2},"end":{"line":610,"column":5}},"275":{"start":{"line":597,"column":6},"end":{"line":597,"column":72}},"276":{"start":{"line":597,"column":15},"end":{"line":597,"column":72}},"277":{"start":{"line":599,"column":6},"end":{"line":599,"column":88}},"278":{"start":{"line":599,"column":31},"end":{"line":599,"column":88}},"279":{"start":{"line":601,"column":22},"end":{"line":601,"column":75}},"280":{"start":{"line":602,"column":6},"end":{"line":602,"column":89}},"281":{"start":{"line":602,"column":20},"end":{"line":602,"column":89}},"282":{"start":{"line":604,"column":29},"end":{"line":604,"column":63}},"283":{"start":{"line":605,"column":6},"end":{"line":609,"column":9}},"284":{"start":{"line":606,"column":10},"end":{"line":606,"column":76}},"285":{"start":{"line":606,"column":19},"end":{"line":606,"column":76}},"286":{"start":{"line":608,"column":10},"end":{"line":608,"column":66}},"287":{"start":{"line":615,"column":0},"end":{"line":620,"column":58}},"288":{"start":{"line":616,"column":2},"end":{"line":616,"column":52}},"289":{"start":{"line":617,"column":2},"end":{"line":617,"column":55}},"290":{"start":{"line":618,"column":2},"end":{"line":618,"column":64}},"291":{"start":{"line":619,"column":2},"end":{"line":619,"column":9}},"292":{"start":{"line":623,"column":0},"end":{"line":631,"column":3}},"293":{"start":{"line":624,"column":4},"end":{"line":630,"column":5}},"294":{"start":{"line":625,"column":23},"end":{"line":625,"column":43}},"295":{"start":{"line":626,"column":8},"end":{"line":626,"column":28}},"296":{"start":{"line":627,"column":8},"end":{"line":627,"column":37}},"297":{"start":{"line":629,"column":8},"end":{"line":629,"column":55}},"298":{"start":{"line":634,"column":0},"end":{"line":642,"column":3}},"299":{"start":{"line":635,"column":4},"end":{"line":641,"column":5}},"300":{"start":{"line":636,"column":26},"end":{"line":636,"column":49}},"301":{"start":{"line":637,"column":8},"end":{"line":637,"column":31}},"302":{"start":{"line":638,"column":8},"end":{"line":638,"column":40}},"303":{"start":{"line":640,"column":8},"end":{"line":640,"column":55}},"304":{"start":{"line":645,"column":0},"end":{"line":657,"column":3}},"305":{"start":{"line":646,"column":4},"end":{"line":656,"column":5}},"306":{"start":{"line":647,"column":21},"end":{"line":647,"column":39}},"307":{"start":{"line":648,"column":8},"end":{"line":648,"column":26}},"308":{"start":{"line":651,"column":8},"end":{"line":651,"column":34}},"309":{"start":{"line":653,"column":8},"end":{"line":653,"column":35}},"310":{"start":{"line":655,"column":8},"end":{"line":655,"column":55}},"311":{"start":{"line":662,"column":8},"end":{"line":662,"column":30}},"312":{"start":{"line":666,"column":8},"end":{"line":666,"column":40}},"313":{"start":{"line":670,"column":8},"end":{"line":670,"column":61}},"314":{"start":{"line":670,"column":45},"end":{"line":670,"column":59}},"315":{"start":{"line":675,"column":21},"end":{"line":675,"column":35}},"316":{"start":{"line":678,"column":0},"end":{"line":681,"column":3}},"317":{"start":{"line":679,"column":4},"end":{"line":679,"column":89}},"318":{"start":{"line":684,"column":0},"end":{"line":684,"column":34}},"319":{"start":{"line":687,"column":0},"end":{"line":699,"column":3}},"320":{"start":{"line":688,"column":4},"end":{"line":698,"column":5}},"321":{"start":{"line":689,"column":8},"end":{"line":692,"column":9}},"322":{"start":{"line":690,"column":12},"end":{"line":690,"column":36}},"323":{"start":{"line":691,"column":12},"end":{"line":691,"column":58}},"324":{"start":{"line":693,"column":8},"end":{"line":693,"column":37}},"325":{"start":{"line":694,"column":8},"end":{"line":694,"column":24}},"326":{"start":{"line":696,"column":8},"end":{"line":696,"column":55}},"327":{"start":{"line":697,"column":8},"end":{"line":697,"column":24}},"328":{"start":{"line":702,"column":0},"end":{"line":712,"column":1}},"329":{"start":{"line":703,"column":4},"end":{"line":711,"column":7}},"330":{"start":{"line":704,"column":8},"end":{"line":704,"column":70}},"331":{"start":{"line":705,"column":8},"end":{"line":708,"column":9}},"332":{"start":{"line":706,"column":12},"end":{"line":706,"column":36}},"333":{"start":{"line":707,"column":12},"end":{"line":707,"column":70}},"334":{"start":{"line":709,"column":8},"end":{"line":709,"column":37}},"335":{"start":{"line":710,"column":8},"end":{"line":710,"column":62}},"336":{"start":{"line":717,"column":0},"end":{"line":721,"column":1}},"337":{"start":{"line":718,"column":4},"end":{"line":720,"column":7}},"338":{"start":{"line":719,"column":8},"end":{"line":719,"column":69}},"339":{"start":{"line":723,"column":0},"end":{"line":723,"column":45}}},"fnMap":{"0":{"name":"(anonymous_0)","decl":{"start":{"line":29,"column":1},"end":{"line":29,"column":2}},"loc":{"start":{"line":29,"column":13},"end":{"line":41,"column":1}},"line":29},"1":{"name":"(anonymous_1)","decl":{"start":{"line":45,"column":4},"end":{"line":45,"column":5}},"loc":{"start":{"line":45,"column":18},"end":{"line":69,"column":5}},"line":45},"2":{"name":"(anonymous_2)","decl":{"start":{"line":55,"column":36},"end":{"line":55,"column":37}},"loc":{"start":{"line":55,"column":45},"end":{"line":64,"column":13}},"line":55},"3":{"name":"(anonymous_3)","decl":{"start":{"line":71,"column":4},"end":{"line":71,"column":5}},"loc":{"start":{"line":71,"column":20},"end":{"line":73,"column":5}},"line":71},"4":{"name":"(anonymous_4)","decl":{"start":{"line":75,"column":4},"end":{"line":75,"column":5}},"loc":{"start":{"line":75,"column":22},"end":{"line":84,"column":5}},"line":75},"5":{"name":"(anonymous_5)","decl":{"start":{"line":77,"column":32},"end":{"line":77,"column":33}},"loc":{"start":{"line":77,"column":41},"end":{"line":80,"column":13}},"line":77},"6":{"name":"(anonymous_6)","decl":{"start":{"line":93,"column":2},"end":{"line":93,"column":3}},"loc":{"start":{"line":93,"column":34},"end":{"line":115,"column":3}},"line":93},"7":{"name":"(anonymous_7)","decl":{"start":{"line":120,"column":19},"end":{"line":120,"column":20}},"loc":{"start":{"line":120,"column":33},"end":{"line":122,"column":1}},"line":120},"8":{"name":"(anonymous_8)","decl":{"start":{"line":125,"column":18},"end":{"line":125,"column":19}},"loc":{"start":{"line":125,"column":32},"end":{"line":127,"column":1}},"line":125},"9":{"name":"(anonymous_9)","decl":{"start":{"line":130,"column":20},"end":{"line":130,"column":21}},"loc":{"start":{"line":130,"column":40},"end":{"line":153,"column":1}},"line":130},"10":{"name":"(anonymous_10)","decl":{"start":{"line":133,"column":58},"end":{"line":133,"column":59}},"loc":{"start":{"line":133,"column":81},"end":{"line":152,"column":3}},"line":133},"11":{"name":"(anonymous_11)","decl":{"start":{"line":144,"column":8},"end":{"line":144,"column":9}},"loc":{"start":{"line":144,"column":17},"end":{"line":147,"column":9}},"line":144},"12":{"name":"(anonymous_12)","decl":{"start":{"line":155,"column":25},"end":{"line":155,"column":26}},"loc":{"start":{"line":155,"column":45},"end":{"line":166,"column":1}},"line":155},"13":{"name":"(anonymous_13)","decl":{"start":{"line":168,"column":19},"end":{"line":168,"column":20}},"loc":{"start":{"line":168,"column":33},"end":{"line":189,"column":1}},"line":168},"14":{"name":"(anonymous_14)","decl":{"start":{"line":171,"column":58},"end":{"line":171,"column":59}},"loc":{"start":{"line":171,"column":81},"end":{"line":188,"column":3}},"line":171},"15":{"name":"FeaturedBookDecorator","decl":{"start":{"line":192,"column":9},"end":{"line":192,"column":30}},"loc":{"start":{"line":192,"column":37},"end":{"line":200,"column":1}},"line":192},"16":{"name":"(anonymous_16)","decl":{"start":{"line":204,"column":2},"end":{"line":204,"column":3}},"loc":{"start":{"line":204,"column":36},"end":{"line":216,"column":3}},"line":204},"17":{"name":"(anonymous_17)","decl":{"start":{"line":221,"column":2},"end":{"line":221,"column":3}},"loc":{"start":{"line":221,"column":21},"end":{"line":236,"column":3}},"line":221},"18":{"name":"(anonymous_18)","decl":{"start":{"line":240,"column":18},"end":{"line":240,"column":19}},"loc":{"start":{"line":240,"column":32},"end":{"line":301,"column":1}},"line":240},"19":{"name":"(anonymous_19)","decl":{"start":{"line":292,"column":26},"end":{"line":292,"column":27}},"loc":{"start":{"line":292,"column":44},"end":{"line":300,"column":3}},"line":292},"20":{"name":"(anonymous_20)","decl":{"start":{"line":295,"column":32},"end":{"line":295,"column":33}},"loc":{"start":{"line":295,"column":39},"end":{"line":298,"column":8}},"line":295},"21":{"name":"(anonymous_21)","decl":{"start":{"line":304,"column":19},"end":{"line":304,"column":20}},"loc":{"start":{"line":304,"column":33},"end":{"line":313,"column":1}},"line":304},"22":{"name":"(anonymous_22)","decl":{"start":{"line":307,"column":18},"end":{"line":307,"column":19}},"loc":{"start":{"line":307,"column":36},"end":{"line":312,"column":3}},"line":307},"23":{"name":"(anonymous_23)","decl":{"start":{"line":310,"column":33},"end":{"line":310,"column":34}},"loc":{"start":{"line":310,"column":40},"end":{"line":310,"column":48}},"line":310},"24":{"name":"(anonymous_24)","decl":{"start":{"line":320,"column":20},"end":{"line":320,"column":21}},"loc":{"start":{"line":320,"column":34},"end":{"line":326,"column":1}},"line":320},"25":{"name":"(anonymous_25)","decl":{"start":{"line":321,"column":35},"end":{"line":321,"column":36}},"loc":{"start":{"line":321,"column":53},"end":{"line":325,"column":3}},"line":321},"26":{"name":"(anonymous_26)","decl":{"start":{"line":323,"column":25},"end":{"line":323,"column":26}},"loc":{"start":{"line":323,"column":32},"end":{"line":323,"column":73}},"line":323},"27":{"name":"(anonymous_27)","decl":{"start":{"line":328,"column":47},"end":{"line":328,"column":48}},"loc":{"start":{"line":328,"column":61},"end":{"line":360,"column":1}},"line":328},"28":{"name":"(anonymous_28)","decl":{"start":{"line":340,"column":50},"end":{"line":340,"column":51}},"loc":{"start":{"line":340,"column":76},"end":{"line":359,"column":3}},"line":340},"29":{"name":"(anonymous_29)","decl":{"start":{"line":350,"column":49},"end":{"line":350,"column":50}},"loc":{"start":{"line":350,"column":73},"end":{"line":358,"column":5}},"line":350},"30":{"name":"(anonymous_30)","decl":{"start":{"line":362,"column":38},"end":{"line":362,"column":39}},"loc":{"start":{"line":362,"column":52},"end":{"line":395,"column":1}},"line":362},"31":{"name":"(anonymous_31)","decl":{"start":{"line":376,"column":49},"end":{"line":376,"column":50}},"loc":{"start":{"line":376,"column":67},"end":{"line":394,"column":5}},"line":376},"32":{"name":"(anonymous_32)","decl":{"start":{"line":382,"column":75},"end":{"line":382,"column":76}},"loc":{"start":{"line":382,"column":84},"end":{"line":385,"column":13}},"line":382},"33":{"name":"(anonymous_33)","decl":{"start":{"line":389,"column":75},"end":{"line":389,"column":76}},"loc":{"start":{"line":389,"column":84},"end":{"line":392,"column":13}},"line":389},"34":{"name":"(anonymous_34)","decl":{"start":{"line":400,"column":28},"end":{"line":400,"column":29}},"loc":{"start":{"line":400,"column":48},"end":{"line":412,"column":1}},"line":400},"35":{"name":"(anonymous_35)","decl":{"start":{"line":408,"column":15},"end":{"line":408,"column":16}},"loc":{"start":{"line":408,"column":33},"end":{"line":411,"column":3}},"line":408},"36":{"name":"(anonymous_36)","decl":{"start":{"line":415,"column":21},"end":{"line":415,"column":22}},"loc":{"start":{"line":415,"column":35},"end":{"line":429,"column":1}},"line":415},"37":{"name":"(anonymous_37)","decl":{"start":{"line":424,"column":4},"end":{"line":424,"column":5}},"loc":{"start":{"line":424,"column":13},"end":{"line":427,"column":5}},"line":424},"38":{"name":"(anonymous_38)","decl":{"start":{"line":435,"column":2},"end":{"line":435,"column":3}},"loc":{"start":{"line":435,"column":12},"end":{"line":437,"column":3}},"line":435},"39":{"name":"(anonymous_39)","decl":{"start":{"line":441,"column":4},"end":{"line":441,"column":5}},"loc":{"start":{"line":441,"column":32},"end":{"line":445,"column":5}},"line":441},"40":{"name":"(anonymous_40)","decl":{"start":{"line":447,"column":4},"end":{"line":447,"column":5}},"loc":{"start":{"line":447,"column":14},"end":{"line":482,"column":5}},"line":447},"41":{"name":"(anonymous_41)","decl":{"start":{"line":448,"column":27},"end":{"line":448,"column":28}},"loc":{"start":{"line":448,"column":48},"end":{"line":481,"column":9}},"line":448},"42":{"name":"(anonymous_42)","decl":{"start":{"line":454,"column":75},"end":{"line":454,"column":76}},"loc":{"start":{"line":454,"column":93},"end":{"line":480,"column":13}},"line":454},"43":{"name":"(anonymous_43)","decl":{"start":{"line":460,"column":58},"end":{"line":460,"column":59}},"loc":{"start":{"line":460,"column":76},"end":{"line":479,"column":17}},"line":460},"44":{"name":"(anonymous_44)","decl":{"start":{"line":472,"column":70},"end":{"line":472,"column":71}},"loc":{"start":{"line":472,"column":79},"end":{"line":478,"column":21}},"line":472},"45":{"name":"(anonymous_45)","decl":{"start":{"line":474,"column":67},"end":{"line":474,"column":68}},"loc":{"start":{"line":474,"column":76},"end":{"line":477,"column":25}},"line":474},"46":{"name":"(anonymous_46)","decl":{"start":{"line":486,"column":2},"end":{"line":486,"column":3}},"loc":{"start":{"line":486,"column":30},"end":{"line":490,"column":3}},"line":486},"47":{"name":"(anonymous_47)","decl":{"start":{"line":492,"column":2},"end":{"line":492,"column":3}},"loc":{"start":{"line":492,"column":12},"end":{"line":517,"column":3}},"line":492},"48":{"name":"(anonymous_48)","decl":{"start":{"line":493,"column":23},"end":{"line":493,"column":24}},"loc":{"start":{"line":493,"column":44},"end":{"line":516,"column":5}},"line":493},"49":{"name":"(anonymous_49)","decl":{"start":{"line":498,"column":63},"end":{"line":498,"column":64}},"loc":{"start":{"line":498,"column":81},"end":{"line":515,"column":7}},"line":498},"50":{"name":"(anonymous_50)","decl":{"start":{"line":508,"column":62},"end":{"line":508,"column":63}},"loc":{"start":{"line":508,"column":71},"end":{"line":514,"column":9}},"line":508},"51":{"name":"(anonymous_51)","decl":{"start":{"line":510,"column":53},"end":{"line":510,"column":54}},"loc":{"start":{"line":510,"column":62},"end":{"line":513,"column":11}},"line":510},"52":{"name":"(anonymous_52)","decl":{"start":{"line":521,"column":38},"end":{"line":521,"column":39}},"loc":{"start":{"line":521,"column":58},"end":{"line":534,"column":1}},"line":521},"53":{"name":"(anonymous_53)","decl":{"start":{"line":537,"column":38},"end":{"line":537,"column":39}},"loc":{"start":{"line":537,"column":58},"end":{"line":550,"column":1}},"line":537},"54":{"name":"(anonymous_54)","decl":{"start":{"line":554,"column":38},"end":{"line":554,"column":39}},"loc":{"start":{"line":554,"column":52},"end":{"line":587,"column":1}},"line":554},"55":{"name":"(anonymous_55)","decl":{"start":{"line":577,"column":41},"end":{"line":577,"column":42}},"loc":{"start":{"line":577,"column":65},"end":{"line":586,"column":3}},"line":577},"56":{"name":"(anonymous_56)","decl":{"start":{"line":580,"column":39},"end":{"line":580,"column":40}},"loc":{"start":{"line":580,"column":57},"end":{"line":585,"column":7}},"line":580},"57":{"name":"(anonymous_57)","decl":{"start":{"line":592,"column":47},"end":{"line":592,"column":48}},"loc":{"start":{"line":592,"column":67},"end":{"line":611,"column":1}},"line":592},"58":{"name":"(anonymous_58)","decl":{"start":{"line":596,"column":63},"end":{"line":596,"column":64}},"loc":{"start":{"line":596,"column":86},"end":{"line":610,"column":3}},"line":596},"59":{"name":"(anonymous_59)","decl":{"start":{"line":605,"column":86},"end":{"line":605,"column":87}},"loc":{"start":{"line":605,"column":95},"end":{"line":609,"column":7}},"line":605},"60":{"name":"(anonymous_60)","decl":{"start":{"line":615,"column":19},"end":{"line":615,"column":20}},"loc":{"start":{"line":615,"column":39},"end":{"line":620,"column":1}},"line":615},"61":{"name":"(anonymous_61)","decl":{"start":{"line":623,"column":21},"end":{"line":623,"column":22}},"loc":{"start":{"line":623,"column":41},"end":{"line":631,"column":1}},"line":623},"62":{"name":"(anonymous_62)","decl":{"start":{"line":634,"column":24},"end":{"line":634,"column":25}},"loc":{"start":{"line":634,"column":44},"end":{"line":642,"column":1}},"line":634},"63":{"name":"(anonymous_63)","decl":{"start":{"line":645,"column":19},"end":{"line":645,"column":20}},"loc":{"start":{"line":645,"column":39},"end":{"line":657,"column":1}},"line":645},"64":{"name":"(anonymous_64)","decl":{"start":{"line":661,"column":4},"end":{"line":661,"column":5}},"loc":{"start":{"line":661,"column":18},"end":{"line":663,"column":5}},"line":661},"65":{"name":"(anonymous_65)","decl":{"start":{"line":665,"column":4},"end":{"line":665,"column":5}},"loc":{"start":{"line":665,"column":24},"end":{"line":667,"column":5}},"line":665},"66":{"name":"(anonymous_66)","decl":{"start":{"line":669,"column":4},"end":{"line":669,"column":5}},"loc":{"start":{"line":669,"column":17},"end":{"line":671,"column":5}},"line":669},"67":{"name":"(anonymous_67)","decl":{"start":{"line":670,"column":33},"end":{"line":670,"column":34}},"loc":{"start":{"line":670,"column":45},"end":{"line":670,"column":59}},"line":670},"68":{"name":"(anonymous_68)","decl":{"start":{"line":678,"column":23},"end":{"line":678,"column":24}},"loc":{"start":{"line":678,"column":36},"end":{"line":681,"column":1}},"line":678},"69":{"name":"(anonymous_69)","decl":{"start":{"line":687,"column":21},"end":{"line":687,"column":22}},"loc":{"start":{"line":687,"column":33},"end":{"line":699,"column":1}},"line":687},"70":{"name":"(anonymous_70)","decl":{"start":{"line":703,"column":13},"end":{"line":703,"column":14}},"loc":{"start":{"line":703,"column":25},"end":{"line":711,"column":5}},"line":703},"71":{"name":"(anonymous_71)","decl":{"start":{"line":718,"column":30},"end":{"line":718,"column":31}},"loc":{"start":{"line":718,"column":36},"end":{"line":720,"column":5}},"line":718}},"branchMap":{"0":{"loc":{"start":{"line":21,"column":13},"end":{"line":21,"column":37}},"type":"binary-expr","locations":[{"start":{"line":21,"column":13},"end":{"line":21,"column":29}},{"start":{"line":21,"column":33},"end":{"line":21,"column":37}}],"line":21},"1":{"loc":{"start":{"line":37,"column":8},"end":{"line":39,"column":9}},"type":"if","locations":[{"start":{"line":37,"column":8},"end":{"line":39,"column":9}},{"start":{},"end":{}}],"line":37},"2":{"loc":{"start":{"line":46,"column":8},"end":{"line":67,"column":9}},"type":"if","locations":[{"start":{"line":46,"column":8},"end":{"line":67,"column":9}},{"start":{},"end":{}}],"line":46},"3":{"loc":{"start":{"line":56,"column":16},"end":{"line":63,"column":17}},"type":"if","locations":[{"start":{"line":56,"column":16},"end":{"line":63,"column":17}},{"start":{"line":61,"column":23},"end":{"line":63,"column":17}}],"line":56},"4":{"loc":{"start":{"line":58,"column":20},"end":{"line":60,"column":21}},"type":"if","locations":[{"start":{"line":58,"column":20},"end":{"line":60,"column":21}},{"start":{},"end":{}}],"line":58},"5":{"loc":{"start":{"line":76,"column":8},"end":{"line":83,"column":9}},"type":"if","locations":[{"start":{"line":76,"column":8},"end":{"line":83,"column":9}},{"start":{"line":81,"column":15},"end":{"line":83,"column":9}}],"line":76},"6":{"loc":{"start":{"line":76,"column":12},"end":{"line":76,"column":72}},"type":"binary-expr","locations":[{"start":{"line":76,"column":12},"end":{"line":76,"column":27}},{"start":{"line":76,"column":31},"end":{"line":76,"column":72}}],"line":76},"7":{"loc":{"start":{"line":78,"column":16},"end":{"line":79,"column":63}},"type":"if","locations":[{"start":{"line":78,"column":16},"end":{"line":79,"column":63}},{"start":{"line":79,"column":21},"end":{"line":79,"column":63}}],"line":78},"8":{"loc":{"start":{"line":94,"column":4},"end":{"line":113,"column":5}},"type":"switch","locations":[{"start":{"line":95,"column":6},"end":{"line":96,"column":56}},{"start":{"line":97,"column":6},"end":{"line":98,"column":64}},{"start":{"line":99,"column":6},"end":{"line":110,"column":10}},{"start":{"line":111,"column":6},"end":{"line":112,"column":56}}],"line":94},"9":{"loc":{"start":{"line":134,"column":4},"end":{"line":134,"column":70}},"type":"if","locations":[{"start":{"line":134,"column":4},"end":{"line":134,"column":70}},{"start":{},"end":{}}],"line":134},"10":{"loc":{"start":{"line":136,"column":4},"end":{"line":138,"column":5}},"type":"if","locations":[{"start":{"line":136,"column":4},"end":{"line":138,"column":5}},{"start":{},"end":{}}],"line":136},"11":{"loc":{"start":{"line":145,"column":10},"end":{"line":145,"column":76}},"type":"if","locations":[{"start":{"line":145,"column":10},"end":{"line":145,"column":76}},{"start":{},"end":{}}],"line":145},"12":{"loc":{"start":{"line":157,"column":2},"end":{"line":157,"column":69}},"type":"if","locations":[{"start":{"line":157,"column":2},"end":{"line":157,"column":69}},{"start":{},"end":{}}],"line":157},"13":{"loc":{"start":{"line":172,"column":4},"end":{"line":172,"column":70}},"type":"if","locations":[{"start":{"line":172,"column":4},"end":{"line":172,"column":70}},{"start":{},"end":{}}],"line":172},"14":{"loc":{"start":{"line":174,"column":4},"end":{"line":176,"column":5}},"type":"if","locations":[{"start":{"line":174,"column":4},"end":{"line":176,"column":5}},{"start":{},"end":{}}],"line":174},"15":{"loc":{"start":{"line":181,"column":6},"end":{"line":181,"column":89}},"type":"if","locations":[{"start":{"line":181,"column":6},"end":{"line":181,"column":89}},{"start":{},"end":{}}],"line":181},"16":{"loc":{"start":{"line":196,"column":26},"end":{"line":198,"column":35}},"type":"cond-expr","locations":[{"start":{"line":197,"column":8},"end":{"line":197,"column":50}},{"start":{"line":198,"column":8},"end":{"line":198,"column":35}}],"line":196},"17":{"loc":{"start":{"line":205,"column":22},"end":{"line":205,"column":55}},"type":"cond-expr","locations":[{"start":{"line":205,"column":41},"end":{"line":205,"column":47}},{"start":{"line":205,"column":50},"end":{"line":205,"column":55}}],"line":205},"18":{"loc":{"start":{"line":206,"column":4},"end":{"line":215,"column":5}},"type":"switch","locations":[{"start":{"line":207,"column":6},"end":{"line":208,"column":49}},{"start":{"line":209,"column":6},"end":{"line":210,"column":41}},{"start":{"line":211,"column":6},"end":{"line":212,"column":50}},{"start":{"line":213,"column":6},"end":{"line":214,"column":41}}],"line":206},"19":{"loc":{"start":{"line":230,"column":62},"end":{"line":230,"column":93}},"type":"binary-expr","locations":[{"start":{"line":230,"column":62},"end":{"line":230,"column":76}},{"start":{"line":230,"column":80},"end":{"line":230,"column":93}}],"line":230},"20":{"loc":{"start":{"line":232,"column":17},"end":{"line":232,"column":59}},"type":"binary-expr","locations":[{"start":{"line":232,"column":17},"end":{"line":232,"column":36}},{"start":{"line":232,"column":40},"end":{"line":232,"column":59}}],"line":232},"21":{"loc":{"start":{"line":241,"column":10},"end":{"line":241,"column":26}},"type":"default-arg","locations":[{"start":{"line":241,"column":19},"end":{"line":241,"column":26}}],"line":241},"22":{"loc":{"start":{"line":241,"column":28},"end":{"line":241,"column":41}},"type":"default-arg","locations":[{"start":{"line":241,"column":36},"end":{"line":241,"column":41}}],"line":241},"23":{"loc":{"start":{"line":262,"column":2},"end":{"line":265,"column":3}},"type":"if","locations":[{"start":{"line":262,"column":2},"end":{"line":265,"column":3}},{"start":{},"end":{}}],"line":262},"24":{"loc":{"start":{"line":266,"column":2},"end":{"line":269,"column":3}},"type":"if","locations":[{"start":{"line":266,"column":2},"end":{"line":269,"column":3}},{"start":{},"end":{}}],"line":266},"25":{"loc":{"start":{"line":270,"column":2},"end":{"line":273,"column":3}},"type":"if","locations":[{"start":{"line":270,"column":2},"end":{"line":273,"column":3}},{"start":{},"end":{}}],"line":270},"26":{"loc":{"start":{"line":274,"column":2},"end":{"line":277,"column":3}},"type":"if","locations":[{"start":{"line":274,"column":2},"end":{"line":277,"column":3}},{"start":{},"end":{}}],"line":274},"27":{"loc":{"start":{"line":279,"column":2},"end":{"line":281,"column":3}},"type":"if","locations":[{"start":{"line":279,"column":2},"end":{"line":281,"column":3}},{"start":{},"end":{}}],"line":279},"28":{"loc":{"start":{"line":293,"column":6},"end":{"line":293,"column":72}},"type":"if","locations":[{"start":{"line":293,"column":6},"end":{"line":293,"column":72}},{"start":{},"end":{}}],"line":293},"29":{"loc":{"start":{"line":308,"column":6},"end":{"line":308,"column":72}},"type":"if","locations":[{"start":{"line":308,"column":6},"end":{"line":308,"column":72}},{"start":{},"end":{}}],"line":308},"30":{"loc":{"start":{"line":322,"column":4},"end":{"line":322,"column":70}},"type":"if","locations":[{"start":{"line":322,"column":4},"end":{"line":322,"column":70}},{"start":{},"end":{}}],"line":322},"31":{"loc":{"start":{"line":341,"column":4},"end":{"line":344,"column":5}},"type":"if","locations":[{"start":{"line":341,"column":4},"end":{"line":344,"column":5}},{"start":{},"end":{}}],"line":341},"32":{"loc":{"start":{"line":346,"column":4},"end":{"line":348,"column":5}},"type":"if","locations":[{"start":{"line":346,"column":4},"end":{"line":348,"column":5}},{"start":{},"end":{}}],"line":346},"33":{"loc":{"start":{"line":351,"column":6},"end":{"line":354,"column":7}},"type":"if","locations":[{"start":{"line":351,"column":6},"end":{"line":354,"column":7}},{"start":{},"end":{}}],"line":351},"34":{"loc":{"start":{"line":368,"column":4},"end":{"line":371,"column":5}},"type":"if","locations":[{"start":{"line":368,"column":4},"end":{"line":371,"column":5}},{"start":{},"end":{}}],"line":368},"35":{"loc":{"start":{"line":368,"column":8},"end":{"line":368,"column":73}},"type":"binary-expr","locations":[{"start":{"line":368,"column":8},"end":{"line":368,"column":15}},{"start":{"line":368,"column":19},"end":{"line":368,"column":26}},{"start":{"line":368,"column":30},"end":{"line":368,"column":40}},{"start":{"line":368,"column":44},"end":{"line":368,"column":54}},{"start":{"line":368,"column":58},"end":{"line":368,"column":73}}],"line":368},"36":{"loc":{"start":{"line":377,"column":8},"end":{"line":377,"column":74}},"type":"if","locations":[{"start":{"line":377,"column":8},"end":{"line":377,"column":74}},{"start":{},"end":{}}],"line":377},"37":{"loc":{"start":{"line":379,"column":8},"end":{"line":393,"column":9}},"type":"if","locations":[{"start":{"line":379,"column":8},"end":{"line":393,"column":9}},{"start":{"line":386,"column":15},"end":{"line":393,"column":9}}],"line":379},"38":{"loc":{"start":{"line":383,"column":16},"end":{"line":383,"column":82}},"type":"if","locations":[{"start":{"line":383,"column":16},"end":{"line":383,"column":82}},{"start":{},"end":{}}],"line":383},"39":{"loc":{"start":{"line":390,"column":16},"end":{"line":390,"column":82}},"type":"if","locations":[{"start":{"line":390,"column":16},"end":{"line":390,"column":82}},{"start":{},"end":{}}],"line":390},"40":{"loc":{"start":{"line":409,"column":4},"end":{"line":409,"column":70}},"type":"if","locations":[{"start":{"line":409,"column":4},"end":{"line":409,"column":70}},{"start":{},"end":{}}],"line":409},"41":{"loc":{"start":{"line":418,"column":2},"end":{"line":420,"column":3}},"type":"if","locations":[{"start":{"line":418,"column":2},"end":{"line":420,"column":3}},{"start":{},"end":{}}],"line":418},"42":{"loc":{"start":{"line":418,"column":6},"end":{"line":418,"column":65}},"type":"binary-expr","locations":[{"start":{"line":418,"column":6},"end":{"line":418,"column":14}},{"start":{"line":418,"column":18},"end":{"line":418,"column":26}},{"start":{"line":418,"column":30},"end":{"line":418,"column":37}},{"start":{"line":418,"column":41},"end":{"line":418,"column":51}},{"start":{"line":418,"column":55},"end":{"line":418,"column":65}}],"line":418},"43":{"loc":{"start":{"line":425,"column":6},"end":{"line":425,"column":72}},"type":"if","locations":[{"start":{"line":425,"column":6},"end":{"line":425,"column":72}},{"start":{},"end":{}}],"line":425},"44":{"loc":{"start":{"line":455,"column":16},"end":{"line":455,"column":57}},"type":"if","locations":[{"start":{"line":455,"column":16},"end":{"line":455,"column":57}},{"start":{},"end":{}}],"line":455},"45":{"loc":{"start":{"line":456,"column":16},"end":{"line":456,"column":94}},"type":"if","locations":[{"start":{"line":456,"column":16},"end":{"line":456,"column":94}},{"start":{},"end":{}}],"line":456},"46":{"loc":{"start":{"line":461,"column":20},"end":{"line":461,"column":61}},"type":"if","locations":[{"start":{"line":461,"column":20},"end":{"line":461,"column":61}},{"start":{},"end":{}}],"line":461},"47":{"loc":{"start":{"line":462,"column":20},"end":{"line":462,"column":78}},"type":"if","locations":[{"start":{"line":462,"column":20},"end":{"line":462,"column":78}},{"start":{},"end":{}}],"line":462},"48":{"loc":{"start":{"line":463,"column":20},"end":{"line":463,"column":85}},"type":"if","locations":[{"start":{"line":463,"column":20},"end":{"line":463,"column":85}},{"start":{},"end":{}}],"line":463},"49":{"loc":{"start":{"line":473,"column":24},"end":{"line":473,"column":65}},"type":"if","locations":[{"start":{"line":473,"column":24},"end":{"line":473,"column":65}},{"start":{},"end":{}}],"line":473},"50":{"loc":{"start":{"line":475,"column":28},"end":{"line":475,"column":69}},"type":"if","locations":[{"start":{"line":475,"column":28},"end":{"line":475,"column":69}},{"start":{},"end":{}}],"line":475},"51":{"loc":{"start":{"line":499,"column":8},"end":{"line":499,"column":49}},"type":"if","locations":[{"start":{"line":499,"column":8},"end":{"line":499,"column":49}},{"start":{},"end":{}}],"line":499},"52":{"loc":{"start":{"line":500,"column":8},"end":{"line":500,"column":107}},"type":"if","locations":[{"start":{"line":500,"column":8},"end":{"line":500,"column":107}},{"start":{},"end":{}}],"line":500},"53":{"loc":{"start":{"line":509,"column":10},"end":{"line":509,"column":51}},"type":"if","locations":[{"start":{"line":509,"column":10},"end":{"line":509,"column":51}},{"start":{},"end":{}}],"line":509},"54":{"loc":{"start":{"line":511,"column":12},"end":{"line":511,"column":53}},"type":"if","locations":[{"start":{"line":511,"column":12},"end":{"line":511,"column":53}},{"start":{},"end":{}}],"line":511},"55":{"loc":{"start":{"line":525,"column":4},"end":{"line":525,"column":79}},"type":"if","locations":[{"start":{"line":525,"column":4},"end":{"line":525,"column":79}},{"start":{},"end":{}}],"line":525},"56":{"loc":{"start":{"line":541,"column":2},"end":{"line":541,"column":77}},"type":"if","locations":[{"start":{"line":541,"column":2},"end":{"line":541,"column":77}},{"start":{},"end":{}}],"line":541},"57":{"loc":{"start":{"line":578,"column":6},"end":{"line":578,"column":72}},"type":"if","locations":[{"start":{"line":578,"column":6},"end":{"line":578,"column":72}},{"start":{},"end":{}}],"line":578},"58":{"loc":{"start":{"line":581,"column":10},"end":{"line":581,"column":76}},"type":"if","locations":[{"start":{"line":581,"column":10},"end":{"line":581,"column":76}},{"start":{},"end":{}}],"line":581},"59":{"loc":{"start":{"line":597,"column":6},"end":{"line":597,"column":72}},"type":"if","locations":[{"start":{"line":597,"column":6},"end":{"line":597,"column":72}},{"start":{},"end":{}}],"line":597},"60":{"loc":{"start":{"line":599,"column":6},"end":{"line":599,"column":88}},"type":"if","locations":[{"start":{"line":599,"column":6},"end":{"line":599,"column":88}},{"start":{},"end":{}}],"line":599},"61":{"loc":{"start":{"line":602,"column":6},"end":{"line":602,"column":89}},"type":"if","locations":[{"start":{"line":602,"column":6},"end":{"line":602,"column":89}},{"start":{},"end":{}}],"line":602},"62":{"loc":{"start":{"line":606,"column":10},"end":{"line":606,"column":76}},"type":"if","locations":[{"start":{"line":606,"column":10},"end":{"line":606,"column":76}},{"start":{},"end":{}}],"line":606},"63":{"loc":{"start":{"line":689,"column":8},"end":{"line":692,"column":9}},"type":"if","locations":[{"start":{"line":689,"column":8},"end":{"line":692,"column":9}},{"start":{},"end":{}}],"line":689},"64":{"loc":{"start":{"line":702,"column":0},"end":{"line":712,"column":1}},"type":"if","locations":[{"start":{"line":702,"column":0},"end":{"line":712,"column":1}},{"start":{},"end":{}}],"line":702},"65":{"loc":{"start":{"line":705,"column":8},"end":{"line":708,"column":9}},"type":"if","locations":[{"start":{"line":705,"column":8},"end":{"line":708,"column":9}},{"start":{},"end":{}}],"line":705},"66":{"loc":{"start":{"line":717,"column":0},"end":{"line":721,"column":1}},"type":"if","locations":[{"start":{"line":717,"column":0},"end":{"line":721,"column":1}},{"start":{},"end":{}}],"line":717}},"s":{"0":4,"1":4,"2":4,"3":4,"4":4,"5":4,"6":4,"7":4,"8":4,"9":4,"10":4,"11":4,"12":4,"13":4,"14":4,"15":4,"16":4,"17":4,"18":4,"19":4,"20":4,"21":0,"22":0,"23":0,"24":4,"25":4,"26":4,"27":4,"28":0,"29":0,"30":0,"31":4,"32":4,"33":4,"34":5,"35":7,"36":0,"37":0,"38":0,"39":0,"40":7,"41":4,"42":4,"43":0,"44":0,"45":0,"46":0,"47":0,"48":4,"49":0,"50":4,"51":0,"52":4,"53":2,"54":2,"55":2,"56":0,"57":2,"58":1,"59":1,"60":1,"61":1,"62":1,"63":0,"64":1,"65":0,"66":4,"67":4,"68":4,"69":0,"70":4,"71":4,"72":4,"73":4,"74":0,"75":4,"76":2,"77":2,"78":2,"79":0,"80":2,"81":0,"82":2,"83":2,"84":2,"85":2,"86":1,"87":1,"88":1,"89":0,"90":0,"91":4,"92":4,"93":0,"94":4,"95":0,"96":0,"97":80,"98":4,"99":4,"100":4,"101":4,"102":4,"103":4,"104":0,"105":0,"106":4,"107":0,"108":0,"109":4,"110":0,"111":0,"112":4,"113":0,"114":0,"115":4,"116":0,"117":4,"118":4,"119":4,"120":4,"121":0,"122":4,"123":80,"124":4,"125":4,"126":0,"127":0,"128":0,"129":0,"130":0,"131":0,"132":0,"133":4,"134":0,"135":0,"136":0,"137":0,"138":0,"139":4,"140":0,"141":0,"142":0,"143":0,"144":0,"145":0,"146":0,"147":0,"148":0,"149":0,"150":0,"151":0,"152":0,"153":0,"154":0,"155":0,"156":4,"157":0,"158":0,"159":0,"160":0,"161":0,"162":0,"163":0,"164":0,"165":0,"166":0,"167":0,"168":0,"169":0,"170":0,"171":0,"172":0,"173":0,"174":0,"175":0,"176":0,"177":0,"178":4,"179":0,"180":0,"181":0,"182":0,"183":0,"184":4,"185":0,"186":0,"187":0,"188":0,"189":0,"190":0,"191":0,"192":0,"193":4,"194":4,"195":4,"196":4,"197":4,"198":4,"199":4,"200":0,"201":4,"202":0,"203":4,"204":4,"205":4,"206":0,"207":4,"208":0,"209":4,"210":0,"211":4,"212":4,"213":4,"214":4,"215":4,"216":0,"217":0,"218":0,"219":0,"220":0,"221":0,"222":0,"223":0,"224":0,"225":0,"226":0,"227":0,"228":0,"229":0,"230":0,"231":0,"232":0,"233":0,"234":0,"235":0,"236":0,"237":0,"238":0,"239":4,"240":4,"241":4,"242":4,"243":0,"244":4,"245":4,"246":4,"247":0,"248":4,"249":4,"250":0,"251":0,"252":0,"253":0,"254":0,"255":0,"256":0,"257":0,"258":0,"259":4,"260":0,"261":0,"262":0,"263":0,"264":0,"265":0,"266":0,"267":0,"268":0,"269":0,"270":0,"271":4,"272":0,"273":0,"274":0,"275":0,"276":0,"277":0,"278":0,"279":0,"280":0,"281":0,"282":0,"283":0,"284":0,"285":0,"286":0,"287":4,"288":0,"289":0,"290":0,"291":0,"292":4,"293":0,"294":0,"295":0,"296":0,"297":0,"298":4,"299":0,"300":0,"301":0,"302":0,"303":0,"304":4,"305":0,"306":0,"307":0,"308":0,"309":0,"310":0,"311":4,"312":4,"313":0,"314":0,"315":4,"316":4,"317":0,"318":4,"319":4,"320":0,"321":0,"322":0,"323":0,"324":0,"325":0,"326":0,"327":0,"328":4,"329":4,"330":4,"331":4,"332":4,"333":4,"334":4,"335":4,"336":4,"337":0,"338":0,"339":4},"f":{"0":4,"1":4,"2":4,"3":5,"4":7,"5":0,"6":0,"7":0,"8":0,"9":2,"10":2,"11":1,"12":4,"13":2,"14":2,"15":0,"16":4,"17":80,"18":4,"19":4,"20":80,"21":0,"22":0,"23":0,"24":0,"25":0,"26":0,"27":0,"28":0,"29":0,"30":0,"31":0,"32":0,"33":0,"34":0,"35":0,"36":0,"37":0,"38":0,"39":4,"40":4,"41":4,"42":4,"43":4,"44":4,"45":0,"46":0,"47":0,"48":0,"49":0,"50":0,"51":0,"52":4,"53":0,"54":0,"55":0,"56":0,"57":0,"58":0,"59":0,"60":0,"61":0,"62":0,"63":0,"64":4,"65":4,"66":0,"67":0,"68":0,"69":0,"70":4,"71":0},"b":{"0":[4,4],"1":[0,0],"2":[4,0],"3":[0,4],"4":[0,0],"5":[0,7],"6":[7,7],"7":[0,0],"8":[0,0,0,0],"9":[0,2],"10":[1,1],"11":[0,1],"12":[0,4],"13":[0,2],"14":[0,2],"15":[1,1],"16":[0,0],"17":[0,4],"18":[0,4,0,0],"19":[80,4],"20":[80,4],"21":[4],"22":[4],"23":[0,4],"24":[0,4],"25":[0,4],"26":[0,4],"27":[0,4],"28":[0,4],"29":[0,0],"30":[0,0],"31":[0,0],"32":[0,0],"33":[0,0],"34":[0,0],"35":[0,0,0,0,0],"36":[0,0],"37":[0,0],"38":[0,0],"39":[0,0],"40":[0,0],"41":[0,0],"42":[0,0,0,0,0],"43":[0,0],"44":[0,4],"45":[0,4],"46":[0,4],"47":[0,4],"48":[0,4],"49":[4,0],"50":[0,0],"51":[0,0],"52":[0,0],"53":[0,0],"54":[0,0],"55":[0,4],"56":[0,0],"57":[0,0],"58":[0,0],"59":[0,0],"60":[0,0],"61":[0,0],"62":[0,0],"63":[0,0],"64":[4,0],"65":[4,0],"66":[0,4]},"_coverageSchema":"1a1c01bbd47fc00a2c39e90264f33305004495a9","hash":"16b99f9eb842f1cdae0f4fe91793d60424b1f650"}
,"C:\\Users\\Ignas\\BookDatabase\\models\\Author.js": {"path":"C:\\Users\\Ignas\\BookDatabase\\models\\Author.js","statementMap":{"0":{"start":{"line":1,"column":22},"end":{"line":1,"column":42}},"1":{"start":{"line":2,"column":18},"end":{"line":2,"column":40}},"2":{"start":{"line":4,"column":15},"end":{"line":20,"column":2}},"3":{"start":{"line":22,"column":0},"end":{"line":22,"column":24}}},"fnMap":{},"branchMap":{},"s":{"0":4,"1":4,"2":4,"3":4},"f":{},"b":{},"_coverageSchema":"1a1c01bbd47fc00a2c39e90264f33305004495a9","hash":"30134191ac8c0db86ce745d320310bb9481656bc"}
,"C:\\Users\\Ignas\\BookDatabase\\models\\sequelize.js": {"path":"C:\\Users\\Ignas\\BookDatabase\\models\\sequelize.js","statementMap":{"0":{"start":{"line":1,"column":22},"end":{"line":1,"column":42}},"1":{"start":{"line":3,"column":18},"end":{"line":7,"column":2}},"2":{"start":{"line":9,"column":0},"end":{"line":9,"column":27}}},"fnMap":{},"branchMap":{},"s":{"0":4,"1":4,"2":4},"f":{},"b":{},"_coverageSchema":"1a1c01bbd47fc00a2c39e90264f33305004495a9","hash":"a32397f6504385f1c74cf9395b68e3b905303dcd"}
,"C:\\Users\\Ignas\\BookDatabase\\routes\\authorRoutes.js": {"path":"C:\\Users\\Ignas\\BookDatabase\\routes\\authorRoutes.js","statementMap":{"0":{"start":{"line":1,"column":16},"end":{"line":1,"column":34}},"1":{"start":{"line":2,"column":15},"end":{"line":2,"column":42}},"2":{"start":{"line":3,"column":15},"end":{"line":3,"column":31}},"3":{"start":{"line":6,"column":0},"end":{"line":13,"column":3}},"4":{"start":{"line":7,"column":4},"end":{"line":12,"column":5}},"5":{"start":{"line":8,"column":23},"end":{"line":8,"column":52}},"6":{"start":{"line":9,"column":8},"end":{"line":9,"column":37}},"7":{"start":{"line":11,"column":8},"end":{"line":11,"column":55}},"8":{"start":{"line":16,"column":0},"end":{"line":23,"column":3}},"9":{"start":{"line":17,"column":4},"end":{"line":22,"column":5}},"10":{"start":{"line":18,"column":24},"end":{"line":18,"column":46}},"11":{"start":{"line":19,"column":8},"end":{"line":19,"column":26}},"12":{"start":{"line":21,"column":8},"end":{"line":21,"column":55}},"13":{"start":{"line":26,"column":0},"end":{"line":38,"column":3}},"14":{"start":{"line":27,"column":4},"end":{"line":37,"column":5}},"15":{"start":{"line":28,"column":26},"end":{"line":28,"column":89}},"16":{"start":{"line":29,"column":8},"end":{"line":34,"column":9}},"17":{"start":{"line":30,"column":34},"end":{"line":30,"column":70}},"18":{"start":{"line":31,"column":12},"end":{"line":31,"column":36}},"19":{"start":{"line":33,"column":12},"end":{"line":33,"column":64}},"20":{"start":{"line":36,"column":8},"end":{"line":36,"column":55}},"21":{"start":{"line":41,"column":0},"end":{"line":52,"column":3}},"22":{"start":{"line":42,"column":4},"end":{"line":51,"column":5}},"23":{"start":{"line":43,"column":24},"end":{"line":43,"column":78}},"24":{"start":{"line":44,"column":8},"end":{"line":48,"column":9}},"25":{"start":{"line":45,"column":12},"end":{"line":45,"column":65}},"26":{"start":{"line":47,"column":12},"end":{"line":47,"column":64}},"27":{"start":{"line":50,"column":8},"end":{"line":50,"column":55}},"28":{"start":{"line":54,"column":0},"end":{"line":54,"column":24}}},"fnMap":{"0":{"name":"(anonymous_0)","decl":{"start":{"line":6,"column":17},"end":{"line":6,"column":18}},"loc":{"start":{"line":6,"column":37},"end":{"line":13,"column":1}},"line":6},"1":{"name":"(anonymous_1)","decl":{"start":{"line":16,"column":16},"end":{"line":16,"column":17}},"loc":{"start":{"line":16,"column":36},"end":{"line":23,"column":1}},"line":16},"2":{"name":"(anonymous_2)","decl":{"start":{"line":26,"column":19},"end":{"line":26,"column":20}},"loc":{"start":{"line":26,"column":39},"end":{"line":38,"column":1}},"line":26},"3":{"name":"(anonymous_3)","decl":{"start":{"line":41,"column":22},"end":{"line":41,"column":23}},"loc":{"start":{"line":41,"column":42},"end":{"line":52,"column":1}},"line":41}},"branchMap":{"0":{"loc":{"start":{"line":29,"column":8},"end":{"line":34,"column":9}},"type":"if","locations":[{"start":{"line":29,"column":8},"end":{"line":34,"column":9}},{"start":{"line":32,"column":15},"end":{"line":34,"column":9}}],"line":29},"1":{"loc":{"start":{"line":44,"column":8},"end":{"line":48,"column":9}},"type":"if","locations":[{"start":{"line":44,"column":8},"end":{"line":48,"column":9}},{"start":{"line":46,"column":15},"end":{"line":48,"column":9}}],"line":44}},"s":{"0":4,"1":4,"2":4,"3":4,"4":0,"5":0,"6":0,"7":0,"8":4,"9":0,"10":0,"11":0,"12":0,"13":4,"14":0,"15":0,"16":0,"17":0,"18":0,"19":0,"20":0,"21":4,"22":0,"23":0,"24":0,"25":0,"26":0,"27":0,"28":4},"f":{"0":0,"1":0,"2":0,"3":0},"b":{"0":[0,0],"1":[0,0]},"_coverageSchema":"1a1c01bbd47fc00a2c39e90264f33305004495a9","hash":"8f2bcfe87f897fca5ff46dcc406e3cf3553f7898"}
}
