TN:
SF:server.js
FN:29,(anonymous_0)
FN:45,(anonymous_1)
FN:55,(anonymous_2)
FN:71,(anonymous_3)
FN:75,(anonymous_4)
FN:77,(anonymous_5)
FN:93,(anonymous_6)
FN:120,(anonymous_7)
FN:125,(anonymous_8)
FN:130,(anonymous_9)
FN:133,(anonymous_10)
FN:144,(anonymous_11)
FN:155,(anonymous_12)
FN:168,(anonymous_13)
FN:171,(anonymous_14)
FN:192,FeaturedBookDecorator
FN:204,(anonymous_16)
FN:221,(anonymous_17)
FN:240,(anonymous_18)
FN:292,(anonymous_19)
FN:295,(anonymous_20)
FN:304,(anonymous_21)
FN:307,(anonymous_22)
FN:310,(anonymous_23)
FN:320,(anonymous_24)
FN:321,(anonymous_25)
FN:323,(anonymous_26)
FN:328,(anonymous_27)
FN:340,(anonymous_28)
FN:350,(anonymous_29)
FN:362,(anonymous_30)
FN:376,(anonymous_31)
FN:382,(anonymous_32)
FN:389,(anonymous_33)
FN:400,(anonymous_34)
FN:408,(anonymous_35)
FN:415,(anonymous_36)
FN:424,(anonymous_37)
FN:435,(anonymous_38)
FN:441,(anonymous_39)
FN:447,(anonymous_40)
FN:448,(anonymous_41)
FN:454,(anonymous_42)
FN:460,(anonymous_43)
FN:472,(anonymous_44)
FN:474,(anonymous_45)
FN:486,(anonymous_46)
FN:492,(anonymous_47)
FN:493,(anonymous_48)
FN:498,(anonymous_49)
FN:508,(anonymous_50)
FN:510,(anonymous_51)
FN:521,(anonymous_52)
FN:537,(anonymous_53)
FN:554,(anonymous_54)
FN:577,(anonymous_55)
FN:580,(anonymous_56)
FN:592,(anonymous_57)
FN:596,(anonymous_58)
FN:605,(anonymous_59)
FN:615,(anonymous_60)
FN:623,(anonymous_61)
FN:634,(anonymous_62)
FN:645,(anonymous_63)
FN:661,(anonymous_64)
FN:665,(anonymous_65)
FN:669,(anonymous_66)
FN:670,(anonymous_67)
FN:678,(anonymous_68)
FN:687,(anonymous_69)
FN:703,(anonymous_70)
FN:718,(anonymous_71)
FNF:72
FNH:26
FNDA:4,(anonymous_0)
FNDA:4,(anonymous_1)
FNDA:4,(anonymous_2)
FNDA:5,(anonymous_3)
FNDA:7,(anonymous_4)
FNDA:0,(anonymous_5)
FNDA:0,(anonymous_6)
FNDA:0,(anonymous_7)
FNDA:0,(anonymous_8)
FNDA:2,(anonymous_9)
FNDA:2,(anonymous_10)
FNDA:1,(anonymous_11)
FNDA:4,(anonymous_12)
FNDA:2,(anonymous_13)
FNDA:2,(anonymous_14)
FNDA:0,FeaturedBookDecorator
FNDA:4,(anonymous_16)
FNDA:80,(anonymous_17)
FNDA:4,(anonymous_18)
FNDA:4,(anonymous_19)
FNDA:80,(anonymous_20)
FNDA:0,(anonymous_21)
FNDA:0,(anonymous_22)
FNDA:0,(anonymous_23)
FNDA:0,(anonymous_24)
FNDA:0,(anonymous_25)
FNDA:0,(anonymous_26)
FNDA:0,(anonymous_27)
FNDA:0,(anonymous_28)
FNDA:0,(anonymous_29)
FNDA:0,(anonymous_30)
FNDA:0,(anonymous_31)
FNDA:0,(anonymous_32)
FNDA:0,(anonymous_33)
FNDA:0,(anonymous_34)
FNDA:0,(anonymous_35)
FNDA:0,(anonymous_36)
FNDA:0,(anonymous_37)
FNDA:0,(anonymous_38)
FNDA:4,(anonymous_39)
FNDA:4,(anonymous_40)
FNDA:4,(anonymous_41)
FNDA:4,(anonymous_42)
FNDA:4,(anonymous_43)
FNDA:4,(anonymous_44)
FNDA:0,(anonymous_45)
FNDA:0,(anonymous_46)
FNDA:0,(anonymous_47)
FNDA:0,(anonymous_48)
FNDA:0,(anonymous_49)
FNDA:0,(anonymous_50)
FNDA:0,(anonymous_51)
FNDA:4,(anonymous_52)
FNDA:0,(anonymous_53)
FNDA:0,(anonymous_54)
FNDA:0,(anonymous_55)
FNDA:0,(anonymous_56)
FNDA:0,(anonymous_57)
FNDA:0,(anonymous_58)
FNDA:0,(anonymous_59)
FNDA:0,(anonymous_60)
FNDA:0,(anonymous_61)
FNDA:0,(anonymous_62)
FNDA:0,(anonymous_63)
FNDA:4,(anonymous_64)
FNDA:4,(anonymous_65)
FNDA:0,(anonymous_66)
FNDA:0,(anonymous_67)
FNDA:0,(anonymous_68)
FNDA:0,(anonymous_69)
FNDA:4,(anonymous_70)
FNDA:0,(anonymous_71)
DA:1,4
DA:2,4
DA:3,4
DA:4,4
DA:5,4
DA:6,4
DA:7,4
DA:8,4
DA:10,4
DA:18,4
DA:20,4
DA:21,4
DA:24,4
DA:25,4
DA:26,4
DA:29,4
DA:30,4
DA:31,4
DA:32,4
DA:33,4
DA:34,4
DA:36,0
DA:37,0
DA:38,0
DA:46,4
DA:47,4
DA:55,4
DA:56,4
DA:57,0
DA:58,0
DA:59,0
DA:62,4
DA:66,4
DA:68,4
DA:72,5
DA:76,7
DA:77,0
DA:78,0
DA:79,0
DA:82,7
DA:88,4
DA:89,4
DA:94,0
DA:96,0
DA:98,0
DA:100,0
DA:112,0
DA:120,4
DA:121,0
DA:125,4
DA:126,0
DA:130,4
DA:131,2
DA:133,2
DA:134,2
DA:136,2
DA:137,1
DA:140,1
DA:141,1
DA:142,1
DA:145,1
DA:146,1
DA:150,0
DA:155,4
DA:156,4
DA:157,4
DA:159,4
DA:160,4
DA:161,4
DA:162,4
DA:164,0
DA:168,4
DA:169,2
DA:171,2
DA:172,2
DA:174,2
DA:175,0
DA:178,2
DA:179,2
DA:180,2
DA:181,2
DA:183,1
DA:184,1
DA:186,0
DA:193,0
DA:205,4
DA:206,4
DA:208,0
DA:210,4
DA:212,0
DA:214,0
DA:222,80
DA:240,4
DA:241,4
DA:244,4
DA:259,4
DA:260,4
DA:262,4
DA:263,0
DA:264,0
DA:266,4
DA:267,0
DA:268,0
DA:270,4
DA:271,0
DA:272,0
DA:274,4
DA:275,0
DA:276,0
DA:279,4
DA:280,0
DA:283,4
DA:285,4
DA:292,4
DA:293,4
DA:295,80
DA:299,4
DA:304,4
DA:305,0
DA:307,0
DA:308,0
DA:310,0
DA:311,0
DA:320,4
DA:321,0
DA:322,0
DA:323,0
DA:328,4
DA:329,0
DA:330,0
DA:332,0
DA:338,0
DA:340,0
DA:341,0
DA:342,0
DA:343,0
DA:346,0
DA:347,0
DA:350,0
DA:351,0
DA:352,0
DA:353,0
DA:356,0
DA:357,0
DA:362,4
DA:363,0
DA:364,0
DA:366,0
DA:368,0
DA:369,0
DA:370,0
DA:374,0
DA:376,0
DA:377,0
DA:379,0
DA:381,0
DA:382,0
DA:383,0
DA:384,0
DA:388,0
DA:389,0
DA:390,0
DA:391,0
DA:400,4
DA:401,0
DA:403,0
DA:409,0
DA:410,0
DA:415,4
DA:416,0
DA:418,0
DA:419,0
DA:422,0
DA:425,0
DA:426,0
DA:436,0
DA:442,4
DA:443,4
DA:444,4
DA:448,4
DA:450,4
DA:454,4
DA:455,4
DA:456,4
DA:459,4
DA:460,4
DA:461,4
DA:462,4
DA:463,4
DA:466,4
DA:470,4
DA:472,4
DA:473,4
DA:474,0
DA:475,0
DA:476,0
DA:487,0
DA:488,0
DA:489,0
DA:493,0
DA:494,0
DA:498,0
DA:499,0
DA:500,0
DA:502,0
DA:506,0
DA:508,0
DA:509,0
DA:510,0
DA:511,0
DA:512,0
DA:521,4
DA:522,4
DA:523,4
DA:525,4
DA:527,4
DA:528,4
DA:529,4
DA:530,0
DA:532,4
DA:537,4
DA:538,0
DA:539,0
DA:541,0
DA:543,0
DA:544,0
DA:545,0
DA:546,0
DA:548,0
DA:554,4
DA:555,0
DA:557,0
DA:570,0
DA:577,0
DA:578,0
DA:580,0
DA:581,0
DA:583,0
DA:584,0
DA:592,4
DA:593,0
DA:594,0
DA:596,0
DA:597,0
DA:599,0
DA:601,0
DA:602,0
DA:604,0
DA:605,0
DA:606,0
DA:608,0
DA:615,4
DA:616,0
DA:617,0
DA:618,0
DA:619,0
DA:623,4
DA:624,0
DA:625,0
DA:626,0
DA:627,0
DA:629,0
DA:634,4
DA:635,0
DA:636,0
DA:637,0
DA:638,0
DA:640,0
DA:645,4
DA:646,0
DA:647,0
DA:648,0
DA:651,0
DA:653,0
DA:655,0
DA:662,4
DA:666,4
DA:670,0
DA:675,4
DA:678,4
DA:679,0
DA:684,4
DA:687,4
DA:688,0
DA:689,0
DA:690,0
DA:691,0
DA:693,0
DA:694,0
DA:696,0
DA:697,0
DA:702,4
DA:703,4
DA:704,4
DA:705,4
DA:706,4
DA:707,4
DA:709,4
DA:710,4
DA:717,4
DA:718,0
DA:719,0
DA:723,4
LF:303
LH:138
BRDA:21,0,0,4
BRDA:21,0,1,4
BRDA:37,1,0,0
BRDA:37,1,1,0
BRDA:46,2,0,4
BRDA:46,2,1,0
BRDA:56,3,0,0
BRDA:56,3,1,4
BRDA:58,4,0,0
BRDA:58,4,1,0
BRDA:76,5,0,0
BRDA:76,5,1,7
BRDA:76,6,0,7
BRDA:76,6,1,7
BRDA:78,7,0,0
BRDA:78,7,1,0
BRDA:94,8,0,0
BRDA:94,8,1,0
BRDA:94,8,2,0
BRDA:94,8,3,0
BRDA:134,9,0,0
BRDA:134,9,1,2
BRDA:136,10,0,1
BRDA:136,10,1,1
BRDA:145,11,0,0
BRDA:145,11,1,1
BRDA:157,12,0,0
BRDA:157,12,1,4
BRDA:172,13,0,0
BRDA:172,13,1,2
BRDA:174,14,0,0
BRDA:174,14,1,2
BRDA:181,15,0,1
BRDA:181,15,1,1
BRDA:196,16,0,0
BRDA:196,16,1,0
BRDA:205,17,0,0
BRDA:205,17,1,4
BRDA:206,18,0,0
BRDA:206,18,1,4
BRDA:206,18,2,0
BRDA:206,18,3,0
BRDA:230,19,0,80
BRDA:230,19,1,4
BRDA:232,20,0,80
BRDA:232,20,1,4
BRDA:241,21,0,4
BRDA:241,22,0,4
BRDA:262,23,0,0
BRDA:262,23,1,4
BRDA:266,24,0,0
BRDA:266,24,1,4
BRDA:270,25,0,0
BRDA:270,25,1,4
BRDA:274,26,0,0
BRDA:274,26,1,4
BRDA:279,27,0,0
BRDA:279,27,1,4
BRDA:293,28,0,0
BRDA:293,28,1,4
BRDA:308,29,0,0
BRDA:308,29,1,0
BRDA:322,30,0,0
BRDA:322,30,1,0
BRDA:341,31,0,0
BRDA:341,31,1,0
BRDA:346,32,0,0
BRDA:346,32,1,0
BRDA:351,33,0,0
BRDA:351,33,1,0
BRDA:368,34,0,0
BRDA:368,34,1,0
BRDA:368,35,0,0
BRDA:368,35,1,0
BRDA:368,35,2,0
BRDA:368,35,3,0
BRDA:368,35,4,0
BRDA:377,36,0,0
BRDA:377,36,1,0
BRDA:379,37,0,0
BRDA:379,37,1,0
BRDA:383,38,0,0
BRDA:383,38,1,0
BRDA:390,39,0,0
BRDA:390,39,1,0
BRDA:409,40,0,0
BRDA:409,40,1,0
BRDA:418,41,0,0
BRDA:418,41,1,0
BRDA:418,42,0,0
BRDA:418,42,1,0
BRDA:418,42,2,0
BRDA:418,42,3,0
BRDA:418,42,4,0
BRDA:425,43,0,0
BRDA:425,43,1,0
BRDA:455,44,0,0
BRDA:455,44,1,4
BRDA:456,45,0,0
BRDA:456,45,1,4
BRDA:461,46,0,0
BRDA:461,46,1,4
BRDA:462,47,0,0
BRDA:462,47,1,4
BRDA:463,48,0,0
BRDA:463,48,1,4
BRDA:473,49,0,4
BRDA:473,49,1,0
BRDA:475,50,0,0
BRDA:475,50,1,0
BRDA:499,51,0,0
BRDA:499,51,1,0
BRDA:500,52,0,0
BRDA:500,52,1,0
BRDA:509,53,0,0
BRDA:509,53,1,0
BRDA:511,54,0,0
BRDA:511,54,1,0
BRDA:525,55,0,0
BRDA:525,55,1,4
BRDA:541,56,0,0
BRDA:541,56,1,0
BRDA:578,57,0,0
BRDA:578,57,1,0
BRDA:581,58,0,0
BRDA:581,58,1,0
BRDA:597,59,0,0
BRDA:597,59,1,0
BRDA:599,60,0,0
BRDA:599,60,1,0
BRDA:602,61,0,0
BRDA:602,61,1,0
BRDA:606,62,0,0
BRDA:606,62,1,0
BRDA:689,63,0,0
BRDA:689,63,1,0
BRDA:702,64,0,4
BRDA:702,64,1,0
BRDA:705,65,0,4
BRDA:705,65,1,0
BRDA:717,66,0,0
BRDA:717,66,1,4
BRF:142
BRH:40
end_of_record
TN:
SF:models\Author.js
FNF:0
FNH:0
DA:1,4
DA:2,4
DA:4,4
DA:22,4
LF:4
LH:4
BRF:0
BRH:0
end_of_record
TN:
SF:models\sequelize.js
FNF:0
FNH:0
DA:1,4
DA:3,4
DA:9,4
LF:3
LH:3
BRF:0
BRH:0
end_of_record
TN:
SF:routes\authorRoutes.js
FN:6,(anonymous_0)
FN:16,(anonymous_1)
FN:26,(anonymous_2)
FN:41,(anonymous_3)
FNF:4
FNH:0
FNDA:0,(anonymous_0)
FNDA:0,(anonymous_1)
FNDA:0,(anonymous_2)
FNDA:0,(anonymous_3)
DA:1,4
DA:2,4
DA:3,4
DA:6,4
DA:7,0
DA:8,0
DA:9,0
DA:11,0
DA:16,4
DA:17,0
DA:18,0
DA:19,0
DA:21,0
DA:26,4
DA:27,0
DA:28,0
DA:29,0
DA:30,0
DA:31,0
DA:33,0
DA:36,0
DA:41,4
DA:42,0
DA:43,0
DA:44,0
DA:45,0
DA:47,0
DA:50,0
DA:54,4
LF:29
LH:8
BRDA:29,0,0,0
BRDA:29,0,1,0
BRDA:44,1,0,0
BRDA:44,1,1,0
BRF:4
BRH:0
end_of_record
